[2025-12-16T14:15:11+00:00] ERROR (2): Undefined array key "cmd" in C:\Users\matth\Documents\Coding Project\Website Projects\Olate Download\upload\details.php on line 67
[2025-12-16T14:15:11+00:00] ERROR (2): Undefined array key "cmd" in C:\Users\matth\Documents\Coding Project\Website Projects\Olate Download\upload\details.php on line 106
[2025-12-16T14:15:12+00:00] ERROR (2): Undefined variable $custom_fields in C:\Users\matth\Documents\Coding Project\Website Projects\Olate Download\upload\details.php on line 186
[2025-12-16T14:15:15+00:00] ERROR (2): Undefined array key "meta_tags" in C:\Users\matth\Documents\Coding Project\Website Projects\Olate Download\upload\modules\core\uim.php on line 362
[2025-12-16T14:15:41+00:00] ERROR (2): Undefined array key 1 in C:\Users\matth\Documents\Coding Project\Website Projects\Olate Download\upload\includes\http.php on line 160
[2025-12-16T14:15:41+00:00] ERROR (8192): strlen(): Passing null to parameter #1 ($string) of type string is deprecated in C:\Users\matth\Documents\Coding Project\Website Projects\Olate Download\upload\includes\http.php on line 167
[2025-12-16T14:15:41+00:00] ERROR (2): fsockopen(): php_network_getaddresses: getaddrinfo for www.olate.co.uk failed: No such host is known in C:\Users\matth\Documents\Coding Project\Website Projects\Olate Download\upload\includes\http.php on line 193
[2025-12-16T14:15:41+00:00] ERROR (2): fsockopen(): Unable to connect to www.olate.co.uk:80 (php_network_getaddresses: getaddrinfo for www.olate.co.uk failed: No such host is known) in C:\Users\matth\Documents\Coding Project\Website Projects\Olate Download\upload\includes\http.php on line 193
[2025-12-16T14:15:41+00:00] ERROR (2): Undefined array key 1 in C:\Users\matth\Documents\Coding Project\Website Projects\Olate Download\upload\includes\http.php on line 88
[2025-12-16T14:15:41+00:00] EXCEPTION: explode(): Argument #1 ($separator) must not be empty in C:\Users\matth\Documents\Coding Project\Website Projects\Olate Download\upload\includes\http.php on line 89
[2025-12-16T14:16:26+00:00] ERROR (2): Undefined array key "meta_tags" in C:\Users\matth\Documents\Coding Project\Website Projects\Olate Download\upload\modules\core\uim.php on line 362
[2025-12-16T14:17:17+00:00] ERROR (2): Undefined array key "meta_tags" in C:\Users\matth\Documents\Coding Project\Website Projects\Olate Download\upload\modules\core\uim.php on line 362
[2025-12-16T14:18:54+00:00] ERROR (2): Undefined array key "meta_tags" in C:\Users\matth\Documents\Coding Project\Website Projects\Olate Download\upload\modules\core\uim.php on line 362
[2025-12-16T14:19:02+00:00] ERROR (2): Undefined array key "HTTP_REFERRER" in C:\Users\matth\Documents\Coding Project\Website Projects\Olate Download\upload\download.php on line 123
[2025-12-16T14:19:11+00:00] ERROR (2): Undefined array key "meta_tags" in C:\Users\matth\Documents\Coding Project\Website Projects\Olate Download\upload\modules\core\uim.php on line 362
[2025-12-16T14:19:32+00:00] ERROR (2): fsockopen(): php_network_getaddresses: getaddrinfo for www.olate.co.uk failed: No such host is known in C:\Users\matth\Documents\Coding Project\Website Projects\Olate Download\upload\includes\http.php on line 194
[2025-12-16T14:19:32+00:00] ERROR (2): fsockopen(): Unable to connect to www.olate.co.uk:80 (php_network_getaddresses: getaddrinfo for www.olate.co.uk failed: No such host is known) in C:\Users\matth\Documents\Coding Project\Website Projects\Olate Download\upload\includes\http.php on line 194
[2025-12-16T14:19:32+00:00] ERROR (2): Undefined array key 1 in C:\Users\matth\Documents\Coding Project\Website Projects\Olate Download\upload\includes\http.php on line 89
[2025-12-16T14:19:32+00:00] EXCEPTION: explode(): Argument #1 ($separator) must not be empty in C:\Users\matth\Documents\Coding Project\Website Projects\Olate Download\upload\includes\http.php on line 90
[2025-12-16T14:22:28+00:00] ERROR (2): fsockopen(): php_network_getaddresses: getaddrinfo for www.olate.co.uk failed: No such host is known in C:\Users\matth\Documents\Coding Project\Website Projects\Olate Download\upload\includes\http.php on line 200
[2025-12-16T14:22:28+00:00] ERROR (2): fsockopen(): Unable to connect to www.olate.co.uk:80 (php_network_getaddresses: getaddrinfo for www.olate.co.uk failed: No such host is known) in C:\Users\matth\Documents\Coding Project\Website Projects\Olate Download\upload\includes\http.php on line 200
[2025-12-16T14:22:28+00:00] ERROR (2): Undefined array key 1 in C:\Users\matth\Documents\Coding Project\Website Projects\Olate Download\upload\includes\http.php on line 95
[2025-12-16T14:22:28+00:00] EXCEPTION: explode(): Argument #1 ($separator) must not be empty in C:\Users\matth\Documents\Coding Project\Website Projects\Olate Download\upload\includes\http.php on line 96
[2025-12-16T14:23:18+00:00] ERROR (2): fsockopen(): php_network_getaddresses: getaddrinfo for www.olate.co.uk failed: No such host is known in C:\Users\matth\Documents\Coding Project\Website Projects\Olate Download\upload\includes\http.php on line 211
[2025-12-16T14:23:18+00:00] ERROR (2): fsockopen(): Unable to connect to www.olate.co.uk:80 (php_network_getaddresses: getaddrinfo for www.olate.co.uk failed: No such host is known) in C:\Users\matth\Documents\Coding Project\Website Projects\Olate Download\upload\includes\http.php on line 211
[2025-12-16T14:23:45+00:00] ERROR (2): Undefined array key "templates" in C:\Users\matth\Documents\Coding Project\Website Projects\Olate Download\upload\modules\core\uim.php on line 362
[2025-12-16T14:24:46+00:00] ERROR (2): Undefined array key "templates" in C:\Users\matth\Documents\Coding Project\Website Projects\Olate Download\upload\modules\core\uim.php on line 362
[2025-12-16T14:24:59+00:00] ERROR (2): Undefined array key "group" in C:\Users\matth\Documents\Coding Project\Website Projects\Olate Download\upload\modules\core\uim.php on line 362
[2025-12-16T14:25:10+00:00] ERROR (2): Undefined array key "action" in C:\Users\matth\Documents\Coding Project\Website Projects\Olate Download\upload\modules\admin\files_delete_file.php on line 26
[2025-12-16T14:25:10+00:00] ERROR (2): Undefined array key "files_for" in C:\Users\matth\Documents\Coding Project\Website Projects\Olate Download\upload\modules\admin\files_delete_file.php on line 91
[2025-12-16T14:26:14+00:00] ERROR (2): Undefined array key "latest_file" in C:\Users\matth\Documents\Coding Project\Website Projects\Olate Download\upload\modules\core\uim.php on line 362
